# JRE version: OpenJDK Runtime Environment (21.0.7) (build 21.0.7+-13880790-b1038.58)
# Java VM: OpenJDK 64-Bit Server VM (21.0.7+-13880790-b1038.58, mixed mode, tiered, compressed oops, compressed class ptrs, g1 gc, windows-amd64)
GC Precious Log:
 CardTable entry size: 512
 Card Set container configuration: InlinePtr #cards 5 size 8 Array Of Cards #cards 12 size 40 Howl #buckets 4 coarsen threshold 1843 Howl Bitmap #cards 512 size 80 coarsen threshold 460 Card regions per heap region 1 cards per card region 2048
 CPUs: 12 total, 12 available
 Memory: 6005M
 Large Page Support: Disabled
 NUMA Support: Disabled
 Compressed Oops: Enabled (32-bit)
 Heap Region Size: 1M
 Heap Min Capacity: 8M
 Heap Initial Capacity: 94M
 Heap Max Capacity: 2G
 Pre-touch: Disabled
 Parallel Workers: 10
 Concurrent Workers: 3
 Concurrent Refinement Workers: 10
 Periodic GC: Disabled
Heap:
 garbage-first heap   total 386048K, used 134614K [0x0000000080000000, 0x0000000100000000)
  region size 1024K, 2 young (2048K), 2 survivors (2048K)
 Metaspace       used 166200K, committed 170368K, reserved 1245184K
  class space    used 22025K, committed 24128K, reserved 1048576K
GC Heap History (20 events):
Event: 7511.082 GC heap after
{Heap after GC invocations=97 (full 1):
 garbage-first heap   total 387072K, used 131657K [0x0000000080000000, 0x0000000100000000)
  region size 1024K, 4 young (4096K), 4 survivors (4096K)
 Metaspace       used 166620K, committed 170368K, reserved 1245184K
  class space    used 22199K, committed 24128K, reserved 1048576K
}
Event: 7518.491 GC heap before
{Heap before GC invocations=97 (full 1):
 garbage-first heap   total 387072K, used 192073K [0x0000000080000000, 0x0000000100000000)
  region size 1024K, 63 young (64512K), 4 survivors (4096K)
 Metaspace       used 166689K, committed 170368K, reserved 1245184K
  class space    used 22201K, committed 24128K, reserved 1048576K
}
Event: 7518.577 GC heap after
{Heap after GC invocations=98 (full 1):
 garbage-first heap   total 387072K, used 136240K [0x0000000080000000, 0x0000000100000000)
  region size 1024K, 8 young (8192K), 8 survivors (8192K)
 Metaspace       used 166689K, committed 170368K, reserved 1245184K
  class space    used 22201K, committed 24128K, reserved 1048576K
}
Event: 7520.057 GC heap before
{Heap before GC invocations=99 (full 1):
 garbage-first heap   total 387072K, used 146480K [0x0000000080000000, 0x0000000100000000)
  region size 1024K, 18 young (18432K), 8 survivors (8192K)
 Metaspace       used 166721K, committed 170368K, reserved 1245184K
  class space    used 22202K, committed 24128K, reserved 1048576K
}
Event: 7520.120 GC heap after
{Heap after GC invocations=100 (full 1):
 garbage-first heap   total 387072K, used 138742K [0x0000000080000000, 0x0000000100000000)
  region size 1024K, 3 young (3072K), 3 survivors (3072K)
 Metaspace       used 166721K, committed 170368K, reserved 1245184K
  class space    used 22202K, committed 24128K, reserved 1048576K
}
Event: 7523.445 GC heap before
{Heap before GC invocations=100 (full 1):
 garbage-first heap   total 387072K, used 213494K [0x0000000080000000, 0x0000000100000000)
  region size 1024K, 77 young (78848K), 3 survivors (3072K)
 Metaspace       used 166811K, committed 170368K, reserved 1245184K
  class space    used 22203K, committed 24128K, reserved 1048576K
}
Event: 7523.492 GC heap after
{Heap after GC invocations=101 (full 1):
 garbage-first heap   total 455680K, used 147096K [0x0000000080000000, 0x0000000100000000)
  region size 1024K, 10 young (10240K), 10 survivors (10240K)
 Metaspace       used 166811K, committed 170368K, reserved 1245184K
  class space    used 22203K, committed 24128K, reserved 1048576K
}
Event: 7524.097 GC heap before
{Heap before GC invocations=101 (full 1):
 garbage-first heap   total 455680K, used 159384K [0x0000000080000000, 0x0000000100000000)
  region size 1024K, 22 young (22528K), 10 survivors (10240K)
 Metaspace       used 166818K, committed 170368K, reserved 1245184K
  class space    used 22203K, committed 24128K, reserved 1048576K
}
Event: 7524.193 GC heap after
{Heap after GC invocations=102 (full 1):
 garbage-first heap   total 455680K, used 148484K [0x0000000080000000, 0x0000000100000000)
  region size 1024K, 2 young (2048K), 2 survivors (2048K)
 Metaspace       used 166818K, committed 170368K, reserved 1245184K
  class space    used 22203K, committed 24128K, reserved 1048576K
}
Event: 7556.245 GC heap before
{Heap before GC invocations=102 (full 1):
 garbage-first heap   total 455680K, used 284676K [0x0000000080000000, 0x0000000100000000)
  region size 1024K, 137 young (140288K), 2 survivors (2048K)
 Metaspace       used 166889K, committed 170368K, reserved 1245184K
  class space    used 22205K, committed 24128K, reserved 1048576K
}
Event: 7556.414 GC heap after
{Heap after GC invocations=103 (full 1):
 garbage-first heap   total 455680K, used 149119K [0x0000000080000000, 0x0000000100000000)
  region size 1024K, 3 young (3072K), 3 survivors (3072K)
 Metaspace       used 166889K, committed 170368K, reserved 1245184K
  class space    used 22205K, committed 24128K, reserved 1048576K
}
Event: 11159.577 GC heap before
{Heap before GC invocations=104 (full 1):
 garbage-first heap   total 455680K, used 294527K [0x0000000080000000, 0x0000000100000000)
  region size 1024K, 95 young (97280K), 3 survivors (3072K)
 Metaspace       used 166874K, committed 170368K, reserved 1245184K
  class space    used 22199K, committed 24128K, reserved 1048576K
}
Event: 11161.809 GC heap after
{Heap after GC invocations=105 (full 2):
 garbage-first heap   total 386048K, used 109669K [0x0000000080000000, 0x0000000100000000)
  region size 1024K, 0 young (0K), 0 survivors (0K)
 Metaspace       used 166874K, committed 170368K, reserved 1245184K
  class space    used 22199K, committed 24128K, reserved 1048576K
}
Event: 13462.709 GC heap before
{Heap before GC invocations=105 (full 2):
 garbage-first heap   total 386048K, used 340069K [0x0000000080000000, 0x0000000100000000)
  region size 1024K, 226 young (231424K), 0 survivors (0K)
 Metaspace       used 167088K, committed 170368K, reserved 1245184K
  class space    used 22202K, committed 24128K, reserved 1048576K
}
Event: 13463.480 GC heap after
{Heap after GC invocations=106 (full 2):
 garbage-first heap   total 386048K, used 128101K [0x0000000080000000, 0x0000000100000000)
  region size 1024K, 18 young (18432K), 18 survivors (18432K)
 Metaspace       used 167088K, committed 170368K, reserved 1245184K
  class space    used 22202K, committed 24128K, reserved 1048576K
}
Event: 13467.107 GC heap before
{Heap before GC invocations=106 (full 2):
 garbage-first heap   total 386048K, used 176229K [0x0000000080000000, 0x0000000100000000)
  region size 1024K, 66 young (67584K), 18 survivors (18432K)
 Metaspace       used 166185K, committed 170368K, reserved 1245184K
  class space    used 22023K, committed 24128K, reserved 1048576K
}
Event: 13467.362 GC heap after
{Heap after GC invocations=107 (full 2):
 garbage-first heap   total 386048K, used 134580K [0x0000000080000000, 0x0000000100000000)
  region size 1024K, 7 young (7168K), 7 survivors (7168K)
 Metaspace       used 166185K, committed 170368K, reserved 1245184K
  class space    used 22023K, committed 24128K, reserved 1048576K
}
Event: 13467.444 GC heap before
{Heap before GC invocations=107 (full 2):
 garbage-first heap   total 386048K, used 145844K [0x0000000080000000, 0x0000000100000000)
  region size 1024K, 18 young (18432K), 7 survivors (7168K)
 Metaspace       used 166186K, committed 170368K, reserved 1245184K
  class space    used 22023K, committed 24128K, reserved 1048576K
}
Event: 13467.480 GC heap after
{Heap after GC invocations=108 (full 2):
 garbage-first heap   total 386048K, used 135082K [0x0000000080000000, 0x0000000100000000)
  region size 1024K, 2 young (2048K), 2 survivors (2048K)
 Metaspace       used 166186K, committed 170368K, reserved 1245184K
  class space    used 22023K, committed 24128K, reserved 1048576K
}
Event: 13467.714 GC heap before
{Heap before GC invocations=108 (full 2):
 garbage-first heap   total 386048K, used 172970K [0x0000000080000000, 0x0000000100000000)
  region size 1024K, 40 young (40960K), 2 survivors (2048K)
 Metaspace       used 166200K, committed 170368K, reserved 1245184K
  class space    used 22025K, committed 24128K, reserved 1048576K
}

