# JRE version: OpenJDK Runtime Environment (21.0.7) (build 21.0.7+-13880790-b1038.58)
# Java VM: OpenJDK 64-Bit Server VM (21.0.7+-13880790-b1038.58, mixed mode, tiered, compressed oops, compressed class ptrs, g1 gc, windows-amd64)
GC Precious Log:
 CardTable entry size: 512
 Card Set container configuration: InlinePtr #cards 5 size 8 Array Of Cards #cards 12 size 40 Howl #buckets 4 coarsen threshold 1843 Howl Bitmap #cards 512 size 80 coarsen threshold 460 Card regions per heap region 1 cards per card region 2048
 CPUs: 4 total, 4 available
 Memory: 7834M
 Large Page Support: Disabled
 NUMA Support: Disabled
 Compressed Oops: Enabled (32-bit)
 Heap Region Size: 1M
 Heap Min Capacity: 8M
 Heap Initial Capacity: 124M
 Heap Max Capacity: 2G
 Pre-touch: Disabled
 Parallel Workers: 4
 Concurrent Workers: 1
 Concurrent Refinement Workers: 4
 Periodic GC: Disabled
Heap:
 garbage-first heap   total 270336K, used 224409K [0x0000000080000000, 0x0000000100000000)
  region size 1024K, 86 young (88064K), 8 survivors (8192K)
 Metaspace       used 145929K, committed 148288K, reserved 1179648K
  class space    used 18987K, committed 20096K, reserved 1048576K
GC Heap History (20 events):
Event: 64.000 GC heap before
{Heap before GC invocations=29 (full 0):
 garbage-first heap   total 193536K, used 173419K [0x0000000080000000, 0x0000000100000000)
  region size 1024K, 77 young (78848K), 9 survivors (9216K)
 Metaspace       used 93056K, committed 94976K, reserved 1179648K
  class space    used 13029K, committed 13952K, reserved 1048576K
}
Event: 64.009 GC heap after
{Heap after GC invocations=30 (full 0):
 garbage-first heap   total 193536K, used 105293K [0x0000000080000000, 0x0000000100000000)
  region size 1024K, 3 young (3072K), 3 survivors (3072K)
 Metaspace       used 93056K, committed 94976K, reserved 1179648K
  class space    used 13029K, committed 13952K, reserved 1048576K
}
Event: 64.651 GC heap before
{Heap before GC invocations=30 (full 0):
 garbage-first heap   total 193536K, used 184141K [0x0000000080000000, 0x0000000100000000)
  region size 1024K, 73 young (74752K), 3 survivors (3072K)
 Metaspace       used 99788K, committed 101760K, reserved 1179648K
  class space    used 13836K, committed 14784K, reserved 1048576K
}
Event: 64.664 GC heap after
{Heap after GC invocations=31 (full 0):
 garbage-first heap   total 196608K, used 119704K [0x0000000080000000, 0x0000000100000000)
  region size 1024K, 10 young (10240K), 10 survivors (10240K)
 Metaspace       used 99788K, committed 101760K, reserved 1179648K
  class space    used 13836K, committed 14784K, reserved 1048576K
}
Event: 64.708 GC heap before
{Heap before GC invocations=31 (full 0):
 garbage-first heap   total 196608K, used 124824K [0x0000000080000000, 0x0000000100000000)
  region size 1024K, 16 young (16384K), 10 survivors (10240K)
 Metaspace       used 99794K, committed 101760K, reserved 1179648K
  class space    used 13837K, committed 14784K, reserved 1048576K
}
Event: 64.723 GC heap after
{Heap after GC invocations=32 (full 0):
 garbage-first heap   total 196608K, used 125707K [0x0000000080000000, 0x0000000100000000)
  region size 1024K, 6 young (6144K), 6 survivors (6144K)
 Metaspace       used 99794K, committed 101760K, reserved 1179648K
  class space    used 13837K, committed 14784K, reserved 1048576K
}
Event: 65.201 GC heap before
{Heap before GC invocations=33 (full 0):
 garbage-first heap   total 214016K, used 161547K [0x0000000080000000, 0x0000000100000000)
  region size 1024K, 40 young (40960K), 6 survivors (6144K)
 Metaspace       used 103235K, committed 105088K, reserved 1179648K
  class space    used 14258K, committed 15168K, reserved 1048576K
}
Event: 65.211 GC heap after
{Heap after GC invocations=34 (full 0):
 garbage-first heap   total 214016K, used 123220K [0x0000000080000000, 0x0000000100000000)
  region size 1024K, 4 young (4096K), 4 survivors (4096K)
 Metaspace       used 103235K, committed 105088K, reserved 1179648K
  class space    used 14258K, committed 15168K, reserved 1048576K
}
Event: 65.815 GC heap before
{Heap before GC invocations=34 (full 0):
 garbage-first heap   total 214016K, used 177492K [0x0000000080000000, 0x0000000100000000)
  region size 1024K, 50 young (51200K), 4 survivors (4096K)
 Metaspace       used 108513K, committed 110400K, reserved 1179648K
  class space    used 14758K, committed 15680K, reserved 1048576K
}
Event: 65.822 GC heap after
{Heap after GC invocations=35 (full 0):
 garbage-first heap   total 214016K, used 132641K [0x0000000080000000, 0x0000000100000000)
  region size 1024K, 7 young (7168K), 7 survivors (7168K)
 Metaspace       used 108513K, committed 110400K, reserved 1179648K
  class space    used 14758K, committed 15680K, reserved 1048576K
}
Event: 66.280 GC heap before
{Heap before GC invocations=35 (full 0):
 garbage-first heap   total 214016K, used 178721K [0x0000000080000000, 0x0000000100000000)
  region size 1024K, 52 young (53248K), 7 survivors (7168K)
 Metaspace       used 114361K, committed 116608K, reserved 1179648K
  class space    used 15525K, committed 16640K, reserved 1048576K
}
Event: 66.289 GC heap after
{Heap after GC invocations=36 (full 0):
 garbage-first heap   total 214016K, used 135202K [0x0000000080000000, 0x0000000100000000)
  region size 1024K, 6 young (6144K), 6 survivors (6144K)
 Metaspace       used 114361K, committed 116608K, reserved 1179648K
  class space    used 15525K, committed 16640K, reserved 1048576K
}
Event: 66.890 GC heap before
{Heap before GC invocations=37 (full 0):
 garbage-first heap   total 225280K, used 182306K [0x0000000080000000, 0x0000000100000000)
  region size 1024K, 53 young (54272K), 6 survivors (6144K)
 Metaspace       used 121091K, committed 123328K, reserved 1179648K
  class space    used 16386K, committed 17472K, reserved 1048576K
}
Event: 66.897 GC heap after
{Heap after GC invocations=38 (full 0):
 garbage-first heap   total 225280K, used 136626K [0x0000000080000000, 0x0000000100000000)
  region size 1024K, 5 young (5120K), 5 survivors (5120K)
 Metaspace       used 121091K, committed 123328K, reserved 1179648K
  class space    used 16386K, committed 17472K, reserved 1048576K
}
Event: 67.342 GC heap before
{Heap before GC invocations=38 (full 0):
 garbage-first heap   total 225280K, used 194994K [0x0000000080000000, 0x0000000100000000)
  region size 1024K, 61 young (62464K), 5 survivors (5120K)
 Metaspace       used 122649K, committed 124928K, reserved 1179648K
  class space    used 16544K, committed 17664K, reserved 1048576K
}
Event: 67.358 GC heap after
{Heap after GC invocations=39 (full 0):
 garbage-first heap   total 225280K, used 138535K [0x0000000080000000, 0x0000000100000000)
  region size 1024K, 7 young (7168K), 7 survivors (7168K)
 Metaspace       used 122649K, committed 124928K, reserved 1179648K
  class space    used 16544K, committed 17664K, reserved 1048576K
}
Event: 68.453 GC heap before
{Heap before GC invocations=39 (full 0):
 garbage-first heap   total 225280K, used 196903K [0x0000000080000000, 0x0000000100000000)
  region size 1024K, 64 young (65536K), 7 survivors (7168K)
 Metaspace       used 129156K, committed 131392K, reserved 1179648K
  class space    used 17281K, committed 18368K, reserved 1048576K
}
Event: 68.464 GC heap after
{Heap after GC invocations=40 (full 0):
 garbage-first heap   total 270336K, used 143639K [0x0000000080000000, 0x0000000100000000)
  region size 1024K, 5 young (5120K), 5 survivors (5120K)
 Metaspace       used 129156K, committed 131392K, reserved 1179648K
  class space    used 17281K, committed 18368K, reserved 1048576K
}
Event: 70.140 GC heap before
{Heap before GC invocations=41 (full 0):
 garbage-first heap   total 270336K, used 229655K [0x0000000080000000, 0x0000000100000000)
  region size 1024K, 89 young (91136K), 5 survivors (5120K)
 Metaspace       used 142699K, committed 144960K, reserved 1179648K
  class space    used 18619K, committed 19712K, reserved 1048576K
}
Event: 70.151 GC heap after
{Heap after GC invocations=42 (full 0):
 garbage-first heap   total 270336K, used 146585K [0x0000000080000000, 0x0000000100000000)
  region size 1024K, 8 young (8192K), 8 survivors (8192K)
 Metaspace       used 142699K, committed 144960K, reserved 1179648K
  class space    used 18619K, committed 19712K, reserved 1048576K
}

